[2025-03-29 22:22:22.198] [info] No valid vk_loader_settings.json file found, no loader settings will be active
[2025-03-29 22:22:22.198] [info] Searching for implicit layer manifest files
[2025-03-29 22:22:22.198] [info]    In following locations:
[2025-03-29 22:22:22.198] [info]       /home/kistenklaus/.config/vulkan/implicit_layer.d
[2025-03-29 22:22:22.198] [info]       /etc/xdg/vulkan/implicit_layer.d
[2025-03-29 22:22:22.198] [info]       /usr/share/manjaro-kde-settings/xdg/vulkan/implicit_layer.d
[2025-03-29 22:22:22.198] [info]       /etc/vulkan/implicit_layer.d
[2025-03-29 22:22:22.198] [info]       /home/kistenklaus/.local/share/vulkan/implicit_layer.d
[2025-03-29 22:22:22.198] [info]       /home/kistenklaus/.local/share/flatpak/exports/share/vulkan/implicit_layer.d
[2025-03-29 22:22:22.198] [info]       /var/lib/flatpak/exports/share/vulkan/implicit_layer.d
[2025-03-29 22:22:22.198] [info]       /usr/local/share/vulkan/implicit_layer.d
[2025-03-29 22:22:22.198] [info]       /usr/share/vulkan/implicit_layer.d
[2025-03-29 22:22:22.198] [info]    Found the following files:
[2025-03-29 22:22:22.198] [info]       /etc/vulkan/implicit_layer.d/renderdoc_capture.json
[2025-03-29 22:22:22.198] [info]       /usr/share/vulkan/implicit_layer.d/nvidia_layers.json
[2025-03-29 22:22:22.198] [info] Found manifest file /etc/vulkan/implicit_layer.d/renderdoc_capture.json (file version 1.1.2)
[2025-03-29 22:22:22.198] [info] Found manifest file /usr/share/vulkan/implicit_layer.d/nvidia_layers.json (file version 1.0.0)
[2025-03-29 22:22:22.198] [info] Searching for explicit layer manifest files
[2025-03-29 22:22:22.198] [info]    In following locations:
[2025-03-29 22:22:22.198] [info]       /home/kistenklaus/.config/vulkan/explicit_layer.d
[2025-03-29 22:22:22.198] [info]       /etc/xdg/vulkan/explicit_layer.d
[2025-03-29 22:22:22.198] [info]       /usr/share/manjaro-kde-settings/xdg/vulkan/explicit_layer.d
[2025-03-29 22:22:22.198] [info]       /etc/vulkan/explicit_layer.d
[2025-03-29 22:22:22.198] [info]       /home/kistenklaus/.local/share/vulkan/explicit_layer.d
[2025-03-29 22:22:22.198] [info]       /home/kistenklaus/.local/share/flatpak/exports/share/vulkan/explicit_layer.d
[2025-03-29 22:22:22.198] [info]       /var/lib/flatpak/exports/share/vulkan/explicit_layer.d
[2025-03-29 22:22:22.198] [info]       /usr/local/share/vulkan/explicit_layer.d
[2025-03-29 22:22:22.198] [info]       /usr/share/vulkan/explicit_layer.d
[2025-03-29 22:22:22.198] [info]    Found the following files:
[2025-03-29 22:22:22.198] [info]       /usr/share/vulkan/explicit_layer.d/VkLayer_api_dump.json
[2025-03-29 22:22:22.198] [info]       /usr/share/vulkan/explicit_layer.d/VkLayer_screenshot.json
[2025-03-29 22:22:22.198] [info]       /usr/share/vulkan/explicit_layer.d/VkLayer_khronos_validation.json
[2025-03-29 22:22:22.199] [info]       /usr/share/vulkan/explicit_layer.d/VkLayer_monitor.json
[2025-03-29 22:22:22.199] [info] Found manifest file /usr/share/vulkan/explicit_layer.d/VkLayer_api_dump.json (file version 1.2.0)
[2025-03-29 22:22:22.199] [info] Found manifest file /usr/share/vulkan/explicit_layer.d/VkLayer_screenshot.json (file version 1.2.0)
[2025-03-29 22:22:22.199] [info] Found manifest file /usr/share/vulkan/explicit_layer.d/VkLayer_khronos_validation.json (file version 1.2.0)
[2025-03-29 22:22:22.199] [info] Found manifest file /usr/share/vulkan/explicit_layer.d/VkLayer_monitor.json (file version 1.0.0)
[2025-03-29 22:22:22.199] [info] Searching for driver manifest files
[2025-03-29 22:22:22.199] [info]    In following locations:
[2025-03-29 22:22:22.199] [info]       /home/kistenklaus/.config/vulkan/icd.d
[2025-03-29 22:22:22.199] [info]       /etc/xdg/vulkan/icd.d
[2025-03-29 22:22:22.199] [info]       /usr/share/manjaro-kde-settings/xdg/vulkan/icd.d
[2025-03-29 22:22:22.199] [info]       /etc/vulkan/icd.d
[2025-03-29 22:22:22.199] [info]       /home/kistenklaus/.local/share/vulkan/icd.d
[2025-03-29 22:22:22.199] [info]       /home/kistenklaus/.local/share/flatpak/exports/share/vulkan/icd.d
[2025-03-29 22:22:22.199] [info]       /var/lib/flatpak/exports/share/vulkan/icd.d
[2025-03-29 22:22:22.199] [info]       /usr/local/share/vulkan/icd.d
[2025-03-29 22:22:22.199] [info]       /usr/share/vulkan/icd.d
[2025-03-29 22:22:22.199] [info]    Found the following files:
[2025-03-29 22:22:22.199] [info]       /usr/share/vulkan/icd.d/radeon_icd.i686.json
[2025-03-29 22:22:22.199] [info]       /usr/share/vulkan/icd.d/intel_icd.i686.json
[2025-03-29 22:22:22.199] [info]       /usr/share/vulkan/icd.d/intel_hasvk_icd.x86_64.json
[2025-03-29 22:22:22.199] [info]       /usr/share/vulkan/icd.d/nvidia_icd.json
[2025-03-29 22:22:22.199] [info]       /usr/share/vulkan/icd.d/intel_hasvk_icd.i686.json
[2025-03-29 22:22:22.199] [info]       /usr/share/vulkan/icd.d/intel_icd.x86_64.json
[2025-03-29 22:22:22.199] [info]       /usr/share/vulkan/icd.d/radeon_icd.x86_64.json
[2025-03-29 22:22:22.199] [info] Found ICD manifest file /usr/share/vulkan/icd.d/radeon_icd.i686.json, version 1.0.0
[2025-03-29 22:22:22.199] [info] /usr/lib32/libvulkan_radeon.so: wrong ELF class: ELFCLASS32
[2025-03-29 22:22:22.199] [info] Requested ICD /usr/lib32/libvulkan_radeon.so was wrong bit-type. Ignoring this JSON
[2025-03-29 22:22:22.199] [info] Found ICD manifest file /usr/share/vulkan/icd.d/intel_icd.i686.json, version 1.0.0
[2025-03-29 22:22:22.199] [info] /usr/lib32/libvulkan_intel.so: wrong ELF class: ELFCLASS32
[2025-03-29 22:22:22.199] [info] Requested ICD /usr/lib32/libvulkan_intel.so was wrong bit-type. Ignoring this JSON
[2025-03-29 22:22:22.199] [info] Found ICD manifest file /usr/share/vulkan/icd.d/intel_hasvk_icd.x86_64.json, version 1.0.0
[2025-03-29 22:22:22.199] [info] Found ICD manifest file /usr/share/vulkan/icd.d/nvidia_icd.json, version 1.0.0
[2025-03-29 22:22:22.199] [info] Found ICD manifest file /usr/share/vulkan/icd.d/intel_hasvk_icd.i686.json, version 1.0.0
[2025-03-29 22:22:22.199] [info] /usr/lib32/libvulkan_intel_hasvk.so: wrong ELF class: ELFCLASS32
[2025-03-29 22:22:22.199] [info] Requested ICD /usr/lib32/libvulkan_intel_hasvk.so was wrong bit-type. Ignoring this JSON
[2025-03-29 22:22:22.199] [info] Found ICD manifest file /usr/share/vulkan/icd.d/intel_icd.x86_64.json, version 1.0.0
[2025-03-29 22:22:22.199] [info] Found ICD manifest file /usr/share/vulkan/icd.d/radeon_icd.x86_64.json, version 1.0.0
[2025-03-29 22:22:22.200] [info] Insert instance layer "VK_LAYER_KHRONOS_validation" (libVkLayer_khronos_validation.so)
[2025-03-29 22:22:22.200] [info] vkCreateInstance layer callstack setup to:
[2025-03-29 22:22:22.200] [info]    <Application>
[2025-03-29 22:22:22.200] [info]      ||
[2025-03-29 22:22:22.200] [info]    <Loader>
[2025-03-29 22:22:22.200] [info]      ||
[2025-03-29 22:22:22.201] [info]    VK_LAYER_KHRONOS_validation
[2025-03-29 22:22:22.201] [info]            Type: Explicit
[2025-03-29 22:22:22.201] [info]            Enabled By: By the Application
[2025-03-29 22:22:22.201] [info]            Manifest: /usr/share/vulkan/explicit_layer.d/VkLayer_khronos_validation.json
[2025-03-29 22:22:22.201] [info]            Library:  libVkLayer_khronos_validation.so
[2025-03-29 22:22:22.201] [info]      ||
[2025-03-29 22:22:22.201] [info]    <Drivers>
[2025-03-29 22:22:22.209] [info] Validation Information: [ WARNING-CreateInstance-status-message ] Object 0: handle = 0x7f0d1c19f580, type = VK_OBJECT_TYPE_INSTANCE; | MessageID = 0x23dfd876 | vkCreateInstance():  Khronos Validation Layer Active:
    Current Enables: None.
    Current Disables: None.

[2025-03-29 22:22:22.213] [info] linux_read_sorted_physical_devices:
[2025-03-29 22:22:22.213] [info]      Original order:
[2025-03-29 22:22:22.213] [info]            [0] AMD Radeon Graphics (RADV RAPHAEL_MENDOCINO)
[2025-03-29 22:22:22.213] [info]            [1] NVIDIA GeForce RTX 4070
[2025-03-29 22:22:22.213] [info]      Sorted order:
[2025-03-29 22:22:22.213] [info]            [0] NVIDIA GeForce RTX 4070  
[2025-03-29 22:22:22.213] [info]            [1] AMD Radeon Graphics (RADV RAPHAEL_MENDOCINO)  
[2025-03-29 22:22:22.213] [info] linux_read_sorted_physical_devices:
[2025-03-29 22:22:22.213] [info]      Original order:
[2025-03-29 22:22:22.213] [info]            [0] AMD Radeon Graphics (RADV RAPHAEL_MENDOCINO)
[2025-03-29 22:22:22.213] [info]            [1] NVIDIA GeForce RTX 4070
[2025-03-29 22:22:22.213] [info]      Sorted order:
[2025-03-29 22:22:22.213] [info]            [0] NVIDIA GeForce RTX 4070  
[2025-03-29 22:22:22.213] [info]            [1] AMD Radeon Graphics (RADV RAPHAEL_MENDOCINO)  
[2025-03-29 22:22:22.213] [info] linux_read_sorted_physical_devices:
[2025-03-29 22:22:22.213] [info]      Original order:
[2025-03-29 22:22:22.213] [info]            [0] AMD Radeon Graphics (RADV RAPHAEL_MENDOCINO)
[2025-03-29 22:22:22.213] [info]            [1] NVIDIA GeForce RTX 4070
[2025-03-29 22:22:22.213] [info]      Sorted order:
[2025-03-29 22:22:22.213] [info]            [0] NVIDIA GeForce RTX 4070  
[2025-03-29 22:22:22.213] [info]            [1] AMD Radeon Graphics (RADV RAPHAEL_MENDOCINO)  
[2025-03-29 22:22:22.213] [info] linux_read_sorted_physical_devices:
[2025-03-29 22:22:22.213] [info]      Original order:
[2025-03-29 22:22:22.213] [info]            [0] AMD Radeon Graphics (RADV RAPHAEL_MENDOCINO)
[2025-03-29 22:22:22.213] [info]            [1] NVIDIA GeForce RTX 4070
[2025-03-29 22:22:22.213] [info]      Sorted order:
[2025-03-29 22:22:22.213] [info]            [0] NVIDIA GeForce RTX 4070  
[2025-03-29 22:22:22.213] [info]            [1] AMD Radeon Graphics (RADV RAPHAEL_MENDOCINO)  
[2025-03-29 22:22:22.213] [info] Removing driver /usr/lib/libvulkan_intel.so due to not having any physical devices
[2025-03-29 22:22:22.214] [info] Removing driver /usr/lib/libvulkan_intel_hasvk.so due to not having any physical devices
[2025-03-29 22:22:22.217] [info] Selected physical device: NVIDIA GeForce RTX 4070
[2025-03-29 22:22:22.217] [info] Inserted device layer "VK_LAYER_KHRONOS_validation" (libVkLayer_khronos_validation.so)
[2025-03-29 22:22:22.217] [info] vkCreateDevice layer callstack setup to:
[2025-03-29 22:22:22.217] [info]    <Application>
[2025-03-29 22:22:22.217] [info]      ||
[2025-03-29 22:22:22.217] [info]    <Loader>
[2025-03-29 22:22:22.217] [info]      ||
[2025-03-29 22:22:22.217] [info]    VK_LAYER_KHRONOS_validation
[2025-03-29 22:22:22.217] [info]            Type: Explicit
[2025-03-29 22:22:22.217] [info]            Enabled By: By the Application
[2025-03-29 22:22:22.217] [info]            Manifest: /usr/share/vulkan/explicit_layer.d/VkLayer_khronos_validation.json
[2025-03-29 22:22:22.217] [info]            Library:  libVkLayer_khronos_validation.so
[2025-03-29 22:22:22.217] [info]      ||
[2025-03-29 22:22:22.217] [info]    <Device>
[2025-03-29 22:22:22.217] [info]        Using "NVIDIA GeForce RTX 4070" with driver: "libGLX_nvidia.so.0"
